15:06:10 **** Incremental Build of configuration Debug for project client ****
Info: Internal Builder is used for build
g++ -std=c++1y -DADD_EXPORTS "-IC:\\Users\\st\\eclipse-workspace-cpp\\client\\libraries" "-IC:\\Users\\st\\eclipse-workspace-cpp\\client\\include" -O0 -g3 -Wall -c -fmessage-length=0 -o "src\\terminal\\factories\\factory_pcsc.o" "..\\src\\terminal\\factories\\factory_pcsc.cpp" 
g++ -std=c++1y -DADD_EXPORTS "-IC:\\Users\\st\\eclipse-workspace-cpp\\client\\libraries" "-IC:\\Users\\st\\eclipse-workspace-cpp\\client\\include" -O0 -g3 -Wall -c -fmessage-length=0 -o "src\\client\\client_engine.o" "..\\src\\client\\client_engine.cpp" 
g++ -std=c++1y -DADD_EXPORTS "-IC:\\Users\\st\\eclipse-workspace-cpp\\client\\libraries" "-IC:\\Users\\st\\eclipse-workspace-cpp\\client\\include" -O0 -g3 -Wall -c -fmessage-length=0 -o "src\\client\\requests\\diag.o" "..\\src\\client\\requests\\diag.cpp" 
g++ -std=c++1y -DADD_EXPORTS "-IC:\\Users\\st\\eclipse-workspace-cpp\\client\\libraries" "-IC:\\Users\\st\\eclipse-workspace-cpp\\client\\include" -O0 -g3 -Wall -c -fmessage-length=0 -o "src\\client\\dll_client_api_wrapper.o" "..\\src\\client\\dll_client_api_wrapper.cpp" 
g++ -std=c++1y -DADD_EXPORTS "-IC:\\Users\\st\\eclipse-workspace-cpp\\client\\libraries" "-IC:\\Users\\st\\eclipse-workspace-cpp\\client\\include" -O0 -g3 -Wall -c -fmessage-length=0 -o "src\\client\\requests\\power_off_field.o" "..\\src\\client\\requests\\power_off_field.cpp" 
g++ -std=c++1y -DADD_EXPORTS "-IC:\\Users\\st\\eclipse-workspace-cpp\\client\\libraries" "-IC:\\Users\\st\\eclipse-workspace-cpp\\client\\include" -O0 -g3 -Wall -c -fmessage-length=0 -o "src\\config\\config_wrapper.o" "..\\src\\config\\config_wrapper.cpp" 
g++ -std=c++1y -DADD_EXPORTS "-IC:\\Users\\st\\eclipse-workspace-cpp\\client\\libraries" "-IC:\\Users\\st\\eclipse-workspace-cpp\\client\\include" -O0 -g3 -Wall -c -fmessage-length=0 -o "src\\client\\requests\\send_typeB.o" "..\\src\\client\\requests\\send_typeB.cpp" 
g++ -std=c++1y -DADD_EXPORTS "-IC:\\Users\\st\\eclipse-workspace-cpp\\client\\libraries" "-IC:\\Users\\st\\eclipse-workspace-cpp\\client\\include" -O0 -g3 -Wall -c -fmessage-length=0 -o "src\\client\\requests\\command.o" "..\\src\\client\\requests\\command.cpp" 
g++ -std=c++1y -DADD_EXPORTS "-IC:\\Users\\st\\eclipse-workspace-cpp\\client\\libraries" "-IC:\\Users\\st\\eclipse-workspace-cpp\\client\\include" -O0 -g3 -Wall -c -fmessage-length=0 -o "src\\client\\requests\\power_on_field.o" "..\\src\\client\\requests\\power_on_field.cpp" 
g++ -std=c++1y -DADD_EXPORTS "-IC:\\Users\\st\\eclipse-workspace-cpp\\client\\libraries" "-IC:\\Users\\st\\eclipse-workspace-cpp\\client\\include" -O0 -g3 -Wall -c -fmessage-length=0 -o "src\\client\\requests\\disconnect.o" "..\\src\\client\\requests\\disconnect.cpp" 
g++ -std=c++1y -DADD_EXPORTS "-IC:\\Users\\st\\eclipse-workspace-cpp\\client\\libraries" "-IC:\\Users\\st\\eclipse-workspace-cpp\\client\\include" -O0 -g3 -Wall -c -fmessage-length=0 -o "src\\client\\requests\\send_typeA.o" "..\\src\\client\\requests\\send_typeA.cpp" 
g++ -std=c++1y -DADD_EXPORTS "-IC:\\Users\\st\\eclipse-workspace-cpp\\client\\libraries" "-IC:\\Users\\st\\eclipse-workspace-cpp\\client\\include" -O0 -g3 -Wall -c -fmessage-length=0 -o "src\\client\\client_api.o" "..\\src\\client\\client_api.cpp" 
g++ -std=c++1y -DADD_EXPORTS "-IC:\\Users\\st\\eclipse-workspace-cpp\\client\\libraries" "-IC:\\Users\\st\\eclipse-workspace-cpp\\client\\include" -O0 -g3 -Wall -c -fmessage-length=0 -o "src\\client\\requests\\restart_target.o" "..\\src\\client\\requests\\restart_target.cpp" 
g++ -std=c++1y -DADD_EXPORTS "-IC:\\Users\\st\\eclipse-workspace-cpp\\client\\libraries" "-IC:\\Users\\st\\eclipse-workspace-cpp\\client\\include" -O0 -g3 -Wall -c -fmessage-length=0 -o "src\\client\\requests\\warm_reset.o" "..\\src\\client\\requests\\warm_reset.cpp" 
g++ -std=c++1y -DADD_EXPORTS "-IC:\\Users\\st\\eclipse-workspace-cpp\\client\\libraries" "-IC:\\Users\\st\\eclipse-workspace-cpp\\client\\include" -O0 -g3 -Wall -c -fmessage-length=0 -o "src\\client\\requests\\send_typeF.o" "..\\src\\client\\requests\\send_typeF.cpp" 
g++ -std=c++1y -DADD_EXPORTS "-IC:\\Users\\st\\eclipse-workspace-cpp\\client\\libraries" "-IC:\\Users\\st\\eclipse-workspace-cpp\\client\\include" -O0 -g3 -Wall -c -fmessage-length=0 -o "src\\terminal\\terminals\\terminal_pcsc.o" "..\\src\\terminal\\terminals\\terminal_pcsc.cpp" 
g++ -std=c++1y -DADD_EXPORTS "-IC:\\Users\\st\\eclipse-workspace-cpp\\client\\libraries" "-IC:\\Users\\st\\eclipse-workspace-cpp\\client\\include" -O0 -g3 -Wall -c -fmessage-length=0 -o "src\\client\\requests\\flyweight_requests.o" "..\\src\\client\\requests\\flyweight_requests.cpp" 
g++ -std=c++1y -DADD_EXPORTS "-IC:\\Users\\st\\eclipse-workspace-cpp\\client\\libraries" "-IC:\\Users\\st\\eclipse-workspace-cpp\\client\\include" -O0 -g3 -Wall -c -fmessage-length=0 -o "src\\main.o" "..\\src\\main.cpp" 
g++ -std=c++1y -DADD_EXPORTS "-IC:\\Users\\st\\eclipse-workspace-cpp\\client\\libraries" "-IC:\\Users\\st\\eclipse-workspace-cpp\\client\\include" -O0 -g3 -Wall -c -fmessage-length=0 -o "src\\client\\requests\\cold_reset.o" "..\\src\\client\\requests\\cold_reset.cpp" 
g++ -std=c++1y -DADD_EXPORTS "-IC:\\Users\\st\\eclipse-workspace-cpp\\client\\libraries" "-IC:\\Users\\st\\eclipse-workspace-cpp\\client\\include" -O0 -g3 -Wall -c -fmessage-length=0 -o "src\\terminal\\flyweight_terminal_factory.o" "..\\src\\terminal\\flyweight_terminal_factory.cpp" 
g++ -std=c++1y -DADD_EXPORTS "-IC:\\Users\\st\\eclipse-workspace-cpp\\client\\libraries" "-IC:\\Users\\st\\eclipse-workspace-cpp\\client\\include" -O0 -g3 -Wall -c -fmessage-length=0 -o "src\\client\\requests\\echo.o" "..\\src\\client\\requests\\echo.cpp" 
g++ -o libclient.dll "src\\client\\client_api.o" "src\\client\\client_engine.o" "src\\client\\dll_client_api_wrapper.o" "src\\client\\requests\\cold_reset.o" "src\\client\\requests\\command.o" "src\\client\\requests\\diag.o" "src\\client\\requests\\disconnect.o" "src\\client\\requests\\echo.o" "src\\client\\requests\\flyweight_requests.o" "src\\client\\requests\\power_off_field.o" "src\\client\\requests\\power_on_field.o" "src\\client\\requests\\restart_target.o" "src\\client\\requests\\send_typeA.o" "src\\client\\requests\\send_typeB.o" "src\\client\\requests\\send_typeF.o" "src\\client\\requests\\warm_reset.o" "src\\config\\config_wrapper.o" "src\\main.o" "src\\terminal\\factories\\factory_pcsc.o" "src\\terminal\\flyweight_terminal_factory.o" "src\\terminal\\terminals\\terminal_pcsc.o" "C:\\MinGW\\x86_64-w64-mingw32\\lib\\libwsock32.a" -lWinSCard "-LC:\\Program Files\\Microsoft SDKs\\Windows\\v7.1\\Lib\\x64" -lWs2_32 -static -shared 

15:07:47 Build Finished. 0 errors, 0 warnings. (took 1m:36s.971ms)

